proguard.cfg
-keepclassmembers class * {
	@com.google.api.client.util.Key <fields>;
}

-keep public class com.dayosoft.ginotefusion.ListNotes
-keep public class com.dayosoft.ginotefusion.GiNoteBackupAgent
-keep public class com.dayosoft.ginotefusion.Options
-keep public class com.dayosoft.ginotefusion.Picture
-keep public class com.dayosoft.ginotefusion.ViewNotes
-keep public class com.dayosoft.ginotefusion.AddNotes

-keepattributes Signature,RuntimeVisibleAnnotations,AnnotationDefault
-dontwarn sun.misc.Unsafe
-ignorewarnings