proguard/seeds.txt
com.dayosoft.ginotefusion.AddNotes
com.dayosoft.ginotefusion.GiNoteBackupAgent
com.dayosoft.ginotefusion.ListNotes
com.dayosoft.ginotefusion.Options
com.dayosoft.ginotefusion.Picture
com.dayosoft.ginotefusion.ViewNotes
...
com.google.api.client.auth.oauth2.draft10.AuthorizationResponse: java.lang.String code
com.google.api.client.auth.oauth2.draft10.AuthorizationResponse: java.lang.String accessToken
com.google.api.client.auth.oauth2.draft10.AuthorizationResponse: java.lang.Long expiresIn
com.google.api.client.auth.oauth2.draft10.AuthorizationResponse: java.lang.String scope
com.google.api.client.auth.oauth2.draft10.AuthorizationResponse: java.lang.String error
com.google.api.client.auth.oauth2.draft10.AuthorizationResponse: java.lang.String errorDescription
com.google.api.client.auth.oauth2.draft10.AuthorizationResponse: java.lang.String errorUri
com.google.api.client.auth.oauth2.draft10.AuthorizationResponse: java.lang.String state
com.google.api.client.auth.openidconnect.IdTokenResponse: java.lang.String idToken
com.google.api.client.googleapis.GoogleHeaders: java.lang.String gdataVersion
com.google.api.client.googleapis.GoogleHeaders: java.lang.String slug
com.google.api.client.googleapis.GoogleHeaders: java.lang.String gdataClient
com.google.api.client.googleapis.GoogleHeaders: java.lang.String gdataKey
com.google.api.client.googleapis.GoogleHeaders: java.lang.String googAcl
com.google.api.client.googleapis.GoogleHeaders: java.lang.String googCopySource
com.google.api.client.googleapis.GoogleHeaders: java.lang.String googCopySourceIfMatch
com.google.api.client.googleapis.GoogleHeaders: java.lang.String googCopySourceIfNoneMatch
com.google.api.client.googleapis.GoogleHeaders: java.lang.String googCopySourceIfModifiedSince
com.google.api.client.googleapis.GoogleHeaders: java.lang.String googCopySourceIfUnmodifiedSince
com.google.api.client.googleapis.GoogleHeaders: java.lang.String googDate
com.google.api.client.googleapis.GoogleHeaders: java.lang.String googMetadataDirective
com.google.api.client.googleapis.GoogleHeaders: java.lang.String methodOverride
com.google.api.client.googleapis.GoogleHeaders: long uploadContentLength
com.google.api.client.googleapis.GoogleHeaders: java.lang.String uploadContentType
com.google.api.client.googleapis.GoogleUrl: java.lang.Boolean prettyprint
com.google.api.client.googleapis.GoogleUrl: java.lang.String alt
com.google.api.client.googleapis.GoogleUrl: java.lang.String fields
com.google.api.client.googleapis.GoogleUrl: java.lang.String key
com.google.api.client.googleapis.GoogleUrl: java.lang.String userip
com.google.api.client.googleapis.auth.clientlogin.ClientLogin: java.lang.String applicationName
com.google.api.client.googleapis.auth.clientlogin.ClientLogin: java.lang.String authTokenType
com.google.api.client.googleapis.auth.clientlogin.ClientLogin: java.lang.String username
com.google.api.client.googleapis.auth.clientlogin.ClientLogin: java.lang.String password
com.google.api.client.googleapis.auth.clientlogin.ClientLogin: java.lang.String accountType
com.google.api.client.googleapis.auth.clientlogin.ClientLogin: java.lang.String captchaToken
com.google.api.client.googleapis.auth.clientlogin.ClientLogin: java.lang.String captchaAnswer
com.google.api.client.googleapis.auth.clientlogin.ClientLogin$ErrorInfo: java.lang.String error
com.google.api.client.googleapis.auth.clientlogin.ClientLogin$ErrorInfo: java.lang.String url
com.google.api.client.googleapis.auth.clientlogin.ClientLogin$ErrorInfo: java.lang.String captchaToken
com.google.api.client.googleapis.auth.clientlogin.ClientLogin$ErrorInfo: java.lang.String captchaUrl
com.google.api.client.googleapis.auth.clientlogin.ClientLogin$Response: java.lang.String auth
com.google.api.client.googleapis.auth.oauth.GoogleOAuthAuthorizeTemporaryTokenUrl: java.lang.String template
com.google.api.client.googleapis.auth.oauth.GoogleOAuthAuthorizeTemporaryTokenUrl: java.lang.String hostedDomain
com.google.api.client.googleapis.auth.oauth.GoogleOAuthAuthorizeTemporaryTokenUrl: java.lang.String language
com.google.api.client.googleapis.auth.oauth.GoogleOAuthDomainWideDelegation$Url: java.lang.String requestorId