proguard/mapping.txt
com.dayosoft.ginotefusion.AddNotes -> com.dayosoft.ginotefusion.AddNotes:
    com.dayosoft.utils.DictionaryOpenHelper helper -> a
    android.widget.EditText titleField -> b
    android.widget.EditText contentField -> c
    android.widget.TextView urlField -> j
    android.content.SharedPreferences prefs -> k
    android.location.Location latestloc -> d
    java.lang.String googleurl -> e
    com.dayosoft.utils.GoogleMapsLocation locator -> f
    android.net.Uri imageUri -> l
    int currentNoteId -> g
    com.dayosoft.ginotefusion.Note current_note -> h
    android.widget.LinearLayout metaContent -> m
    java.util.Vector metalist -> i
    android.view.View$OnClickListener deleteNoteListener -> n
    android.view.View$OnClickListener updateNoteListener -> o
    android.view.View$OnClickListener saveNoteListener -> p
    void onCreate(android.os.Bundle) -> onCreate
    boolean onCreateOptionsMenu(android.view.Menu) -> onCreateOptionsMenu
    boolean onOptionsItemSelected(android.view.MenuItem) -> onOptionsItemSelected
    void onCreateContextMenu(android.view.ContextMenu,android.view.View,android.view.ContextMenu$ContextMenuInfo) -> onCreateContextMenu
    void onResume() -> onResume
    void onLocationFixed(android.location.Location,java.lang.String) -> a
    void showCamera() -> a
    boolean onContextItemSelected(android.view.MenuItem) -> onContextItemSelected
    void onStop() -> onStop
    void onActivityResult(int,int,android.content.Intent) -> onActivityResult
com.dayosoft.ginotefusion.AddNotes$1 -> com.dayosoft.ginotefusion.a:
    com.dayosoft.ginotefusion.AddNotes this$0 -> a
    void onClick(android.view.View) -> onClick
com.dayosoft.ginotefusion.AddNotes$2 -> com.dayosoft.ginotefusion.b:
    com.dayosoft.ginotefusion.AddNotes this$0 -> a
    void onClick(android.view.View) -> onClick
com.dayosoft.ginotefusion.AddNotes$3 -> com.dayosoft.ginotefusion.c:
    com.dayosoft.ginotefusion.AddNotes this$0 -> a
    void onClick(android.view.View) -> onClick
    com.dayosoft.ginotefusion.AddNotes access$0(com.dayosoft.ginotefusion.AddNotes$3) -> a
com.dayosoft.ginotefusion.AddNotes$3$1 -> com.dayosoft.ginotefusion.d:
    com.dayosoft.ginotefusion.AddNotes$3 this$1 -> a
    void onClick(android.content.DialogInterface,int) -> onClick
com.dayosoft.ginotefusion.AddNotes$4 -> com.dayosoft.ginotefusion.e:
    com.dayosoft.ginotefusion.AddNotes this$0 -> a
    void onClick(android.view.View) -> onClick
com.dayosoft.ginotefusion.AddNotes$5 -> com.dayosoft.ginotefusion.f:
    com.dayosoft.ginotefusion.AddNotes this$0 -> a
    void onClick(android.view.View) -> onClick
com.dayosoft.ginotefusion.Export -> com.dayosoft.ginotefusion.g:
    android.content.Context context -> a
    android.app.ProgressDialog dialog -> b
    java.lang.String location -> c
    void onPreExecute() -> onPreExecute
    java.lang.Integer doInBackground$9ecd34e() -> a
    void onPostExecute(java.lang.Object) -> onPostExecute
    java.lang.Object doInBackground(java.lang.Object[]) -> doInBackground
com.dayosoft.ginotefusion.GiNoteBackupAgent -> com.dayosoft.ginotefusion.GiNoteBackupAgent:
    com.dayosoft.utils.DictionaryOpenHelper helper -> a
    void onCreate() -> onCreate
    void onBackup(android.os.ParcelFileDescriptor,android.app.backup.BackupDataOutput,android.os.ParcelFileDescriptor) -> onBackup
    void onRestore(android.app.backup.BackupDataInput,int,android.os.ParcelFileDescriptor) -> onRestore
...
com.dayosoft.utils.ActivityNavigator -> com.dayosoft.a.a:
    java.lang.Class activityClass -> a
    android.app.Activity context -> b
    java.lang.Integer requestCode -> c
    void onClick(android.view.View) -> onClick
com.dayosoft.utils.DialogUtils -> com.dayosoft.a.b:
    java.io.BufferedReader br -> a
    boolean hasNext -> b
    char separator -> c
    char quotechar -> d
    int skipLines -> e
    boolean linesSkiped -> f
    void showConfirmation(java.lang.String,android.content.Context,android.content.DialogInterface$OnClickListener) -> a
    void showMessageAlert(java.lang.String,android.content.Context) -> a
    android.view.View$OnClickListener closeNavigator(android.app.Activity) -> a
    android.view.View$OnClickListener setNavigator(java.lang.Class,android.app.Activity,int) -> a
    boolean isStorageWritable() -> a
    void switchActivity(java.lang.Class,android.content.Context) -> a
    void linkBoxToPrefs(android.widget.CheckBox,android.content.SharedPreferences,java.lang.String) -> a
    boolean hasINet(android.content.Context) -> a
    java.io.File convertImageUriToFile(android.net.Uri,android.app.Activity) -> a
    org.w3c.dom.Document getDomElement(java.lang.String) -> a
    java.lang.String[] readNext() -> b
    java.lang.String getNextLine() -> c
    boolean isToday(java.util.Date) -> a
    boolean isYesterday(java.util.Date) -> b
    java.lang.String urlParamsToString(java.util.HashMap) -> a
    java.lang.Object checkNotNull(java.lang.Object) -> a
com.dayosoft.utils.DialogUtils$1 -> com.dayosoft.a.c:
    void onClick(android.content.DialogInterface,int) -> onClick
com.dayosoft.utils.DialogUtils$2 -> com.dayosoft.a.d:
    void onClick(android.content.DialogInterface,int) -> onClick
com.dayosoft.utils.DialogUtils$3 -> com.dayosoft.a.e:
    android.app.Activity val$context -> a
    void onClick(android.view.View) -> onClick
com.dayosoft.utils.DialogUtils$5 -> com.dayosoft.a.f:
    android.content.SharedPreferences val$prefs -> a
    java.lang.String val$keyname -> b
    void onCheckedChanged(android.widget.CompoundButton,boolean) -> onCheckedChanged
com.dayosoft.utils.DialogUtils$6 -> com.dayosoft.a.g:
    boolean responded -> a
    android.content.Context val$context -> b
    com.dayosoft.utils.OnInternetReadyListener val$handler -> c
    int val$timeout -> d
    void run() -> run
com.dayosoft.utils.DialogUtils$6$1 -> com.dayosoft.a.h:
    com.dayosoft.utils.DialogUtils$6 this$1 -> a
    void run() -> run
com.dayosoft.utils.DictionaryOpenHelper -> com.dayosoft.a.i:
    java.text.SimpleDateFormat dateformat -> a
    android.content.Context context -> b
    void onDataChanged() -> a
    void onCreate(android.database.sqlite.SQLiteDatabase) -> onCreate
    void clearall() -> b
    java.util.List listNotes() -> c
    java.util.Vector getNoteIds(java.lang.String) -> a
    int countNotes(java.lang.String) -> b
    void listUnsyncedNotes(com.dayosoft.ginotefusion.NoteSyncer) -> a
    java.lang.String getWhereClause(java.lang.String[]) -> a
    java.util.List listNotes(java.lang.String) -> d
    void getMeta(com.dayosoft.ginotefusion.Note) -> c
    int getLastFtSync() -> d
    java.lang.String getLastModified() -> e
    com.dayosoft.ginotefusion.Note load(java.lang.String) -> c
    com.dayosoft.ginotefusion.Note load(int) -> a
    void touchForDelete(int) -> b
    void touch(int,long) -> a
    void touchLastFTSync() -> f
    long persist(com.dayosoft.ginotefusion.Note) -> a
    long persistAndSync(com.dayosoft.ginotefusion.Note) -> b
    void delete(int) -> c
    void onUpgrade(android.database.sqlite.SQLiteDatabase,int,int) -> onUpgrade
    void onInternetReady(boolean) -> a
com.dayosoft.utils.FTQueryCompleteListener -> com.dayosoft.a.j:
    void onQueryComplete(java.util.ArrayList) -> a