proguard/usage.txt
com.dayosoft.ginotefusion.AddNotes:
    static final int ACTION_PICK_IMAGE
    static final int CAPTURE_IMAGE_ACTIVITY_REQUEST_CODE
    311:319:public boolean hasImageCaptureBug()
com.dayosoft.ginotefusion.BuildConfig
com.dayosoft.ginotefusion.ClientCredentials
com.dayosoft.ginotefusion.GoogleFTUpdater:
    static final java.lang.String PREF_AUTH_TOKEN
    217:217:private java.lang.String getTableName()
com.dayosoft.ginotefusion.Import
com.dayosoft.ginotefusion.ListNotes:
    android.widget.TableLayout notesview
    public static final int NOTE_ADDED
    public static final int NOTE_UPDATED
    public static final int NOTE_DELETED
com.dayosoft.ginotefusion.NoteMeta:
    public static final int GOOGLEMAPSURL
    public static final int LOCATIONNAME
    public static final int IMAGE
    int note_id
com.dayosoft.ginotefusion.Options:
    android.widget.EditText suffixField
    private static final java.lang.String TAG
    static final java.lang.String PREF_ACCOUNT_NAME
    static final java.lang.String PREF_AUTH_TOKEN
    private static final java.lang.String AUTH_TOKEN_TYPE
com.dayosoft.ginotefusion.PrefsBackupAgent
com.dayosoft.ginotefusion.R
com.dayosoft.ginotefusion.R$attr
com.dayosoft.ginotefusion.R$drawable
com.dayosoft.ginotefusion.R$id
com.dayosoft.ginotefusion.R$layout
com.dayosoft.ginotefusion.R$menu
com.dayosoft.ginotefusion.R$string
com.dayosoft.ginotefusion.R$styleable
com.dayosoft.ginotefusion.R$xml
...
com.google.common.base.Predicates$ObjectPredicate
com.google.common.base.Predicates$ObjectPredicate$1
com.google.common.base.Predicates$ObjectPredicate$2
com.google.common.base.Predicates$ObjectPredicate$3
com.google.common.base.Predicates$ObjectPredicate$4
com.google.common.base.Predicates$OrPredicate
com.google.common.base.Splitter
com.google.common.base.Splitter$1
com.google.common.base.Splitter$1$1
com.google.common.base.Splitter$2
com.google.common.base.Splitter$2$1
com.google.common.base.Splitter$3
com.google.common.base.Splitter$3$1
com.google.common.base.Splitter$4
com.google.common.base.Splitter$4$1
com.google.common.base.Splitter$5
com.google.common.base.Splitter$MapSplitter
com.google.common.base.Splitter$SplittingIterator
com.google.common.base.Splitter$Strategy
com.google.common.base.Stopwatch
com.google.common.base.Stopwatch$1
com.google.common.base.Strings
com.google.common.base.Supplier
com.google.common.base.Suppliers
com.google.common.base.Suppliers$ExpiringMemoizingSupplier
com.google.common.base.Suppliers$MemoizingSupplier
com.google.common.base.Suppliers$SupplierComposition
com.google.common.base.Suppliers$SupplierFunction
com.google.common.base.Suppliers$SupplierOfInstance
com.google.common.base.Suppliers$ThreadSafeSupplier
com.google.common.base.Throwables
com.google.common.base.Ticker
com.google.common.base.Ticker$1
com.google.common.base.internal.Finalizer
com.google.common.base.internal.Finalizer$1
com.google.common.base.internal.Finalizer$ShutDown
com.google.common.base.package-info
com.google.common.cache.AbstractCache
com.google.common.cache.AbstractCache$SimpleStatsCounter
com.google.common.cache.AbstractCache$StatsCounter
com.google.common.cache.AbstractLoadingCache
com.google.common.cache.Cache
com.google.common.cache.CacheBuilder
com.google.common.cache.CacheBuilder$1
com.google.common.cache.CacheBuilder$2
com.google.common.cache.CacheBuilder$3
com.google.common.cache.CacheBuilder$NullListener
com.google.common.cache.CacheBuilder$OneWeigher
com.google.common.cache.CacheLoader
com.google.common.cache.CacheLoader$FunctionToCacheLoader
com.google.common.cache.CacheLoader$InvalidCacheLoadException
com.google.common.cache.CacheLoader$SupplierToCacheLoader
com.google.common.cache.CacheLoader$UnsupportedLoadingOperationException
com.google.common.cache.CacheStats
com.google.common.cache.ForwardingCache
com.google.common.cache.ForwardingCache$SimpleForwardingCache
com.google.common.cache.ForwardingLoadingCache
com.google.common.cache.ForwardingLoadingCache$SimpleForwardingLoadingCache
com.google.common.cache.LoadingCache
com.google.common.cache.LocalCache
com.google.common.cache.LocalCache$1
com.google.common.cache.LocalCache$2
com.google.common.cache.LocalCache$AbstractReferenceEntry
com.google.common.cache.LocalCache$AccessQueue
com.google.common.cache.LocalCache$AccessQueue$1
com.google.common.cache.LocalCache$AccessQueue$2
com.google.common.cache.LocalCache$EntryFactory
com.google.common.cache.LocalCache$EntryFactory$1
com.google.common.cache.LocalCache$EntryFactory$2
com.google.common.cache.LocalCache$EntryFactory$3
com.google.common.cache.LocalCache$EntryFactory$4
com.google.common.cache.LocalCache$EntryFactory$5
com.google.common.cache.LocalCache$EntryFactory$6
com.google.common.cache.LocalCache$EntryFactory$7
com.google.common.cache.LocalCache$EntryFactory$8
com.google.common.cache.LocalCache$EntryIterator
com.google.common.cache.LocalCache$EntrySet
com.google.common.cache.LocalCache$HashIterator
com.google.common.cache.LocalCache$KeyIterator
com.google.common.cache.LocalCache$KeySet
com.google.common.cache.LocalCache$LoadingSerializationProxy
com.google.common.cache.LocalCache$LoadingValueReference
com.google.common.cache.LocalCache$LocalLoadingCache
com.google.common.cache.LocalCache$LocalManualCache
com.google.common.cache.LocalCache$LocalManualCache$1
com.google.common.cache.LocalCache$ManualSerializationProxy
com.google.common.cache.LocalCache$NullEntry